<?xml version="1.0" encoding="UTF-8"?>
<!-- Generated by org.testng.reporters.JUnitReportReporter -->
<testsuite skipped="0" hostname="DESKTOP-8CGIQL6" name="test.commons.global.selenium.Selenium" tests="1" failures="0" timestamp="23 Okt 2017 18:37:56 GMT" time="26.408" errors="0">
  <testcase name="Selenium" time="26.408" classname="test.commons.global.selenium.Selenium"/>
</testsuite> <!-- test.commons.global.selenium.Selenium -->
